[debug] [2025-12-03T15:11:42.110Z] ----------------------------------------------------------------------
[debug] [2025-12-03T15:11:42.112Z] Command:       C:\Program Files\nodejs\node.exe C:\Users\Vijay Bhaskar\AppData\Roaming\npm\node_modules\firebase-tools\lib\bin\firebase.js deploy
[debug] [2025-12-03T15:11:42.112Z] CLI Version:   14.26.0
[debug] [2025-12-03T15:11:42.112Z] Platform:      win32
[debug] [2025-12-03T15:11:42.112Z] Node Version:  v22.18.0
[debug] [2025-12-03T15:11:42.112Z] Time:          Wed Dec 03 2025 20:41:42 GMT+0530 (India Standard Time)
[debug] [2025-12-03T15:11:42.112Z] ----------------------------------------------------------------------
[debug] 
[debug] [2025-12-03T15:11:42.239Z] > command requires scopes: ["email","openid","https://www.googleapis.com/auth/cloudplatformprojects.readonly","https://www.googleapis.com/auth/firebase","https://www.googleapis.com/auth/cloud-platform"]
[debug] [2025-12-03T15:11:42.239Z] > authorizing via signed-in user (asp.devworks@gmail.com)
[debug] [2025-12-03T15:11:42.239Z] [iam] checking project model-village-reactapp for permissions ["firebase.projects.get",null]
[debug] [2025-12-03T15:11:42.240Z] Checked if tokens are valid: false, expires at: 1764766815255
[debug] [2025-12-03T15:11:42.240Z] Checked if tokens are valid: false, expires at: 1764766815255
[debug] [2025-12-03T15:11:42.240Z] > refreshing access token with scopes: []
[debug] [2025-12-03T15:11:42.241Z] >>> [apiv2][query] POST https://www.googleapis.com/oauth2/v3/token [none]
[debug] [2025-12-03T15:11:42.241Z] >>> [apiv2][body] POST https://www.googleapis.com/oauth2/v3/token [omitted]
[debug] [2025-12-03T15:11:42.701Z] <<< [apiv2][status] POST https://www.googleapis.com/oauth2/v3/token 200
[debug] [2025-12-03T15:11:42.701Z] <<< [apiv2][body] POST https://www.googleapis.com/oauth2/v3/token [omitted]
[debug] [2025-12-03T15:11:42.706Z] >>> [apiv2][query] POST https://cloudresourcemanager.googleapis.com/v1/projects/model-village-reactapp:testIamPermissions [none]
[debug] [2025-12-03T15:11:42.706Z] >>> [apiv2][(partial)header] POST https://cloudresourcemanager.googleapis.com/v1/projects/model-village-reactapp:testIamPermissions x-goog-quota-user=projects/model-village-reactapp
[debug] [2025-12-03T15:11:42.706Z] >>> [apiv2][body] POST https://cloudresourcemanager.googleapis.com/v1/projects/model-village-reactapp:testIamPermissions {"permissions":["firebase.projects.get",null]}
[debug] [2025-12-03T15:11:43.107Z] <<< [apiv2][status] POST https://cloudresourcemanager.googleapis.com/v1/projects/model-village-reactapp:testIamPermissions 200
[debug] [2025-12-03T15:11:43.107Z] <<< [apiv2][body] POST https://cloudresourcemanager.googleapis.com/v1/projects/model-village-reactapp:testIamPermissions {"permissions":["firebase.projects.get"]}
[debug] [2025-12-03T15:11:43.108Z] [iam] error while checking permissions, command may fail: Authorization failed. This account is missing the following required permissions on project model-village-reactapp:

  
[info] 
[info] === Deploying to 'model-village-reactapp'...
[info] 
[info] i  deploying apphosting 
[debug] [2025-12-03T15:11:43.113Z] Checked if tokens are valid: true, expires at: 1764778301701
[debug] [2025-12-03T15:11:43.113Z] Checked if tokens are valid: true, expires at: 1764778301701
[debug] [2025-12-03T15:11:43.113Z] >>> [apiv2][query] POST https://iam.googleapis.com/v1/projects/model-village-reactapp/serviceAccounts/firebase-app-hosting-compute@model-village-reactapp.iam.gserviceaccount.com:testIamPermissions [none]
[debug] [2025-12-03T15:11:43.113Z] >>> [apiv2][(partial)header] POST https://iam.googleapis.com/v1/projects/model-village-reactapp/serviceAccounts/firebase-app-hosting-compute@model-village-reactapp.iam.gserviceaccount.com:testIamPermissions x-goog-quota-user=projects/model-village-reactapp
[debug] [2025-12-03T15:11:43.113Z] >>> [apiv2][body] POST https://iam.googleapis.com/v1/projects/model-village-reactapp/serviceAccounts/firebase-app-hosting-compute@model-village-reactapp.iam.gserviceaccount.com:testIamPermissions {"permissions":["iam.serviceAccounts.actAs"]}
[debug] [2025-12-03T15:11:44.808Z] <<< [apiv2][status] POST https://iam.googleapis.com/v1/projects/model-village-reactapp/serviceAccounts/firebase-app-hosting-compute@model-village-reactapp.iam.gserviceaccount.com:testIamPermissions 200
[debug] [2025-12-03T15:11:44.809Z] <<< [apiv2][body] POST https://iam.googleapis.com/v1/projects/model-village-reactapp/serviceAccounts/firebase-app-hosting-compute@model-village-reactapp.iam.gserviceaccount.com:testIamPermissions {"permissions":["iam.serviceAccounts.actAs"]}
[debug] [2025-12-03T15:11:44.809Z] Checked if tokens are valid: true, expires at: 1764778301701
[debug] [2025-12-03T15:11:44.809Z] Checked if tokens are valid: true, expires at: 1764778301701
[debug] [2025-12-03T15:11:44.809Z] >>> [apiv2][query] POST https://iam.googleapis.com/v1/projects/model-village-reactapp/serviceAccounts [none]
[debug] [2025-12-03T15:11:44.809Z] >>> [apiv2][body] POST https://iam.googleapis.com/v1/projects/model-village-reactapp/serviceAccounts {"accountId":"firebase-app-hosting-compute","serviceAccount":{"displayName":"Firebase App Hosting compute service account","description":"Default service account used to run builds and deploys for Firebase App Hosting"}}
[debug] [2025-12-03T15:11:45.243Z] <<< [apiv2][status] POST https://iam.googleapis.com/v1/projects/model-village-reactapp/serviceAccounts 409
[debug] [2025-12-03T15:11:45.244Z] <<< [apiv2][body] POST https://iam.googleapis.com/v1/projects/model-village-reactapp/serviceAccounts [omitted]
[debug] [2025-12-03T15:11:45.245Z] Checked if tokens are valid: true, expires at: 1764778301701
[debug] [2025-12-03T15:11:45.245Z] Checked if tokens are valid: true, expires at: 1764778301701
[debug] [2025-12-03T15:11:45.245Z] >>> [apiv2][query] POST https://cloudresourcemanager.googleapis.com/v1/projects/model-village-reactapp:getIamPolicy [none]
[debug] [2025-12-03T15:11:45.668Z] <<< [apiv2][status] POST https://cloudresourcemanager.googleapis.com/v1/projects/model-village-reactapp:getIamPolicy 200
[debug] [2025-12-03T15:11:45.668Z] <<< [apiv2][body] POST https://cloudresourcemanager.googleapis.com/v1/projects/model-village-reactapp:getIamPolicy {"version":1,"etag":"BwZFCvUvGyM=","bindings":[{"role":"roles/artifactregistry.serviceAgent","members":["serviceAccount:service-519335912230@gcp-sa-artifactregistry.iam.gserviceaccount.com"]},{"role":"roles/cloudbuild.builds.builder","members":["serviceAccount:519335912230@cloudbuild.gserviceaccount.com"]},{"role":"roles/cloudbuild.serviceAgent","members":["serviceAccount:service-519335912230@gcp-sa-cloudbuild.iam.gserviceaccount.com"]},{"role":"roles/cloudfunctions.serviceAgent","members":["serviceAccount:service-519335912230@gcf-admin-robot.iam.gserviceaccount.com"]},{"role":"roles/containerregistry.ServiceAgent","members":["serviceAccount:service-519335912230@containerregistry.iam.gserviceaccount.com"]},{"role":"roles/developerconnect.readTokenAccessor","members":["serviceAccount:firebase-app-hosting-compute@model-village-reactapp.iam.gserviceaccount.com"]},{"role":"roles/developerconnect.serviceAgent","members":["serviceAccount:service-519335912230@gcp-sa-devconnect.iam.gserviceaccount.com"]},{"role":"roles/editor","members":["serviceAccount:519335912230-compute@developer.gserviceaccount.com","serviceAccount:model-village-reactapp@appspot.gserviceaccount.com"]},{"role":"roles/firebase.managementServiceAgent","members":["serviceAccount:service-519335912230@gcp-sa-firebase.iam.gserviceaccount.com"]},{"role":"roles/firebase.sdkAdminServiceAgent","members":["serviceAccount:firebase-adminsdk-fbsvc@model-village-reactapp.iam.gserviceaccount.com","serviceAccount:firebase-app-hosting-compute@model-village-reactapp.iam.gserviceaccount.com"]},{"role":"roles/firebaseapphosting.computeRunner","members":["serviceAccount:firebase-app-hosting-compute@model-village-reactapp.iam.gserviceaccount.com"]},{"role":"roles/firebaseapphosting.serviceAgent","members":["serviceAccount:service-519335912230@gcp-sa-firebaseapphosting.iam.gserviceaccount.com"]},{"role":"roles/iam.serviceAccountTokenCreator","members":["serviceAccount:firebase-adminsdk-fbsvc@model-village-reactapp.iam.gserviceaccount.com"]},{"role":"roles/owner","members":["user:asp.devworks@gmail.com"]},{"role":"roles/run.serviceAgent","members":["serviceAccount:service-519335912230@serverless-robot-prod.iam.gserviceaccount.com"]},{"role":"roles/secretmanager.admin_withcond_db0ffc832d119c249aaf","members":["serviceAccount:service-519335912230@gcp-sa-devconnect.iam.gserviceaccount.com"]},{"role":"roles/storage.objectViewer","members":["serviceAccount:firebase-app-hosting-compute@model-village-reactapp.iam.gserviceaccount.com"]}]}
[debug] [2025-12-03T15:11:45.668Z] Checked if tokens are valid: true, expires at: 1764778301701
[debug] [2025-12-03T15:11:45.669Z] Checked if tokens are valid: true, expires at: 1764778301701
[debug] [2025-12-03T15:11:45.669Z] >>> [apiv2][query] POST https://cloudresourcemanager.googleapis.com/v1/projects/model-village-reactapp:setIamPolicy [none]
[debug] [2025-12-03T15:11:45.669Z] >>> [apiv2][body] POST https://cloudresourcemanager.googleapis.com/v1/projects/model-village-reactapp:setIamPolicy {"policy":{"version":1,"etag":"BwZFCvUvGyM=","bindings":[{"role":"roles/artifactregistry.serviceAgent","members":["serviceAccount:service-519335912230@gcp-sa-artifactregistry.iam.gserviceaccount.com"]},{"role":"roles/cloudbuild.builds.builder","members":["serviceAccount:519335912230@cloudbuild.gserviceaccount.com"]},{"role":"roles/cloudbuild.serviceAgent","members":["serviceAccount:service-519335912230@gcp-sa-cloudbuild.iam.gserviceaccount.com"]},{"role":"roles/cloudfunctions.serviceAgent","members":["serviceAccount:service-519335912230@gcf-admin-robot.iam.gserviceaccount.com"]},{"role":"roles/containerregistry.ServiceAgent","members":["serviceAccount:service-519335912230@containerregistry.iam.gserviceaccount.com"]},{"role":"roles/developerconnect.readTokenAccessor","members":["serviceAccount:firebase-app-hosting-compute@model-village-reactapp.iam.gserviceaccount.com"]},{"role":"roles/developerconnect.serviceAgent","members":["serviceAccount:service-519335912230@gcp-sa-devconnect.iam.gserviceaccount.com"]},{"role":"roles/editor","members":["serviceAccount:519335912230-compute@developer.gserviceaccount.com","serviceAccount:model-village-reactapp@appspot.gserviceaccount.com"]},{"role":"roles/firebase.managementServiceAgent","members":["serviceAccount:service-519335912230@gcp-sa-firebase.iam.gserviceaccount.com"]},{"role":"roles/firebase.sdkAdminServiceAgent","members":["serviceAccount:firebase-adminsdk-fbsvc@model-village-reactapp.iam.gserviceaccount.com","serviceAccount:firebase-app-hosting-compute@model-village-reactapp.iam.gserviceaccount.com"]},{"role":"roles/firebaseapphosting.computeRunner","members":["serviceAccount:firebase-app-hosting-compute@model-village-reactapp.iam.gserviceaccount.com"]},{"role":"roles/firebaseapphosting.serviceAgent","members":["serviceAccount:service-519335912230@gcp-sa-firebaseapphosting.iam.gserviceaccount.com"]},{"role":"roles/iam.serviceAccountTokenCreator","members":["serviceAccount:firebase-adminsdk-fbsvc@model-village-reactapp.iam.gserviceaccount.com"]},{"role":"roles/owner","members":["user:asp.devworks@gmail.com"]},{"role":"roles/run.serviceAgent","members":["serviceAccount:service-519335912230@serverless-robot-prod.iam.gserviceaccount.com"]},{"role":"roles/secretmanager.admin_withcond_db0ffc832d119c249aaf","members":["serviceAccount:service-519335912230@gcp-sa-devconnect.iam.gserviceaccount.com"]},{"role":"roles/storage.objectViewer","members":["serviceAccount:firebase-app-hosting-compute@model-village-reactapp.iam.gserviceaccount.com"]}]},"updateMask":"bindings"}
[debug] [2025-12-03T15:11:47.260Z] <<< [apiv2][status] POST https://cloudresourcemanager.googleapis.com/v1/projects/model-village-reactapp:setIamPolicy 200
[debug] [2025-12-03T15:11:47.260Z] <<< [apiv2][body] POST https://cloudresourcemanager.googleapis.com/v1/projects/model-village-reactapp:setIamPolicy {"version":1,"etag":"BwZFDaF/m24=","bindings":[{"role":"roles/artifactregistry.serviceAgent","members":["serviceAccount:service-519335912230@gcp-sa-artifactregistry.iam.gserviceaccount.com"]},{"role":"roles/cloudbuild.builds.builder","members":["serviceAccount:519335912230@cloudbuild.gserviceaccount.com"]},{"role":"roles/cloudbuild.serviceAgent","members":["serviceAccount:service-519335912230@gcp-sa-cloudbuild.iam.gserviceaccount.com"]},{"role":"roles/cloudfunctions.serviceAgent","members":["serviceAccount:service-519335912230@gcf-admin-robot.iam.gserviceaccount.com"]},{"role":"roles/containerregistry.ServiceAgent","members":["serviceAccount:service-519335912230@containerregistry.iam.gserviceaccount.com"]},{"role":"roles/developerconnect.readTokenAccessor","members":["serviceAccount:firebase-app-hosting-compute@model-village-reactapp.iam.gserviceaccount.com"]},{"role":"roles/developerconnect.serviceAgent","members":["serviceAccount:service-519335912230@gcp-sa-devconnect.iam.gserviceaccount.com"]},{"role":"roles/editor","members":["serviceAccount:519335912230-compute@developer.gserviceaccount.com","serviceAccount:model-village-reactapp@appspot.gserviceaccount.com"]},{"role":"roles/firebase.managementServiceAgent","members":["serviceAccount:service-519335912230@gcp-sa-firebase.iam.gserviceaccount.com"]},{"role":"roles/firebase.sdkAdminServiceAgent","members":["serviceAccount:firebase-adminsdk-fbsvc@model-village-reactapp.iam.gserviceaccount.com","serviceAccount:firebase-app-hosting-compute@model-village-reactapp.iam.gserviceaccount.com"]},{"role":"roles/firebaseapphosting.computeRunner","members":["serviceAccount:firebase-app-hosting-compute@model-village-reactapp.iam.gserviceaccount.com"]},{"role":"roles/firebaseapphosting.serviceAgent","members":["serviceAccount:service-519335912230@gcp-sa-firebaseapphosting.iam.gserviceaccount.com"]},{"role":"roles/iam.serviceAccountTokenCreator","members":["serviceAccount:firebase-adminsdk-fbsvc@model-village-reactapp.iam.gserviceaccount.com"]},{"role":"roles/owner","members":["user:asp.devworks@gmail.com"]},{"role":"roles/run.serviceAgent","members":["serviceAccount:service-519335912230@serverless-robot-prod.iam.gserviceaccount.com"]},{"role":"roles/secretmanager.admin_withcond_db0ffc832d119c249aaf","members":["serviceAccount:service-519335912230@gcp-sa-devconnect.iam.gserviceaccount.com"]},{"role":"roles/storage.objectViewer","members":["serviceAccount:firebase-app-hosting-compute@model-village-reactapp.iam.gserviceaccount.com"]}]}
[debug] [2025-12-03T15:11:47.261Z] Checked if tokens are valid: true, expires at: 1764778301701
[debug] [2025-12-03T15:11:47.261Z] Checked if tokens are valid: true, expires at: 1764778301701
[debug] [2025-12-03T15:11:47.261Z] >>> [apiv2][query] GET https://firebaseapphosting.googleapis.com/v1beta/projects/model-village-reactapp/locations/-/backends 
[debug] [2025-12-03T15:11:48.310Z] <<< [apiv2][status] GET https://firebaseapphosting.googleapis.com/v1beta/projects/model-village-reactapp/locations/-/backends 200
[debug] [2025-12-03T15:11:48.311Z] <<< [apiv2][body] GET https://firebaseapphosting.googleapis.com/v1beta/projects/model-village-reactapp/locations/-/backends {"backends":[{"name":"projects/model-village-reactapp/locations/asia-southeast1/backends/model-village-backend","createTime":"2025-12-03T09:58:34.269399957Z","updateTime":"2025-12-03T09:58:34.784878Z","labels":{"deployment-tool":"cli-firebase"},"uri":"model-village-backend--model-village-reactapp.asia-southeast1.hosted.app","uid":"0de9378f-152e-4148-9a10-a9704f02f057","etag":"utSdDp8G6UC1l7Z4mfbpan0WJ41LSR5RySCHEyC1H_Y","reconciling":false,"servingLocality":"GLOBAL_ACCESS","serviceAccount":"firebase-app-hosting-compute@model-village-reactapp.iam.gserviceaccount.com","appId":"1:519335912230:web:db1aa0139fe828f633d7e7"},{"name":"projects/model-village-reactapp/locations/asia-southeast1/backends/model-village-app","createTime":"2025-12-03T09:50:31.747093715Z","updateTime":"2025-12-03T10:14:46.878558Z","uri":"model-village-app--model-village-reactapp.asia-southeast1.hosted.app","managedResources":[{"runService":{"service":"projects/519335912230/locations/asia-southeast1/services/model-village-app"}}],"codebase":{"repository":"projects/model-village-reactapp/locations/asia-southeast1/connections/apphosting-github-conn-j5uy7dr/gitRepositoryLinks/via58-model-village-app","rootDirectory":"/"},"uid":"b769e312-7778-4c1e-8359-e39ca6b55ab9","etag":"rDe7FT38ax_J2ZLpDDcaXOn7-kFgwPvAEylYGD1rpEE","reconciling":false,"servingLocality":"GLOBAL_ACCESS","serviceAccount":"firebase-app-hosting-compute@model-village-reactapp.iam.gserviceaccount.com","appId":"1:519335912230:web:78db1c0732f33a9d33d7e7"}]}
[info] i  apphosting: Found backend(s) model-village-backend 
[debug] [2025-12-03T15:11:48.313Z] Checked if tokens are valid: true, expires at: 1764778301701
[debug] [2025-12-03T15:11:48.313Z] Checked if tokens are valid: true, expires at: 1764778301701
[debug] [2025-12-03T15:11:48.313Z] >>> [apiv2][query] GET https://serviceusage.googleapis.com/v1/projects/model-village-reactapp/services/cloudresourcemanager.googleapis.com [none]
[debug] [2025-12-03T15:11:48.313Z] >>> [apiv2][(partial)header] GET https://serviceusage.googleapis.com/v1/projects/model-village-reactapp/services/cloudresourcemanager.googleapis.com x-goog-quota-user=projects/model-village-reactapp
[debug] [2025-12-03T15:11:50.038Z] <<< [apiv2][status] GET https://serviceusage.googleapis.com/v1/projects/model-village-reactapp/services/cloudresourcemanager.googleapis.com 200
[debug] [2025-12-03T15:11:50.038Z] <<< [apiv2][body] GET https://serviceusage.googleapis.com/v1/projects/model-village-reactapp/services/cloudresourcemanager.googleapis.com [omitted]
[debug] [2025-12-03T15:11:50.050Z] Checked if tokens are valid: true, expires at: 1764778301701
[debug] [2025-12-03T15:11:50.050Z] Checked if tokens are valid: true, expires at: 1764778301701
[debug] [2025-12-03T15:11:50.050Z] >>> [apiv2][query] GET https://cloudresourcemanager.googleapis.com/v1/projects/model-village-reactapp [none]
[debug] [2025-12-03T15:11:50.361Z] <<< [apiv2][status] GET https://cloudresourcemanager.googleapis.com/v1/projects/model-village-reactapp 200
[debug] [2025-12-03T15:11:50.361Z] <<< [apiv2][body] GET https://cloudresourcemanager.googleapis.com/v1/projects/model-village-reactapp {"projectNumber":"519335912230","projectId":"model-village-reactapp","lifecycleState":"ACTIVE","name":"model-village-reactapp","labels":{"firebase":"enabled","firebase-core":"disabled"},"createTime":"2025-12-03T09:39:24.803338Z"}
[debug] [2025-12-03T15:11:50.362Z] Checked if tokens are valid: true, expires at: 1764778301701
[debug] [2025-12-03T15:11:50.362Z] Checked if tokens are valid: true, expires at: 1764778301701
[debug] [2025-12-03T15:11:50.362Z] >>> [apiv2][query] GET https://storage.googleapis.com/storage/v1/b?project=model-village-reactapp 
[debug] [2025-12-03T15:11:50.939Z] <<< [apiv2][status] GET https://storage.googleapis.com/storage/v1/b?project=model-village-reactapp 200
[debug] [2025-12-03T15:11:50.939Z] <<< [apiv2][body] GET https://storage.googleapis.com/storage/v1/b?project=model-village-reactapp {"kind":"storage#buckets"}
[info] i  apphosting: Creating Cloud Storage bucket in asia-southeast1 to store App Hosting source code uploads at firebaseapphosting-sources-519335912230-asia-southeast1... 
[debug] [2025-12-03T15:11:50.940Z] Checked if tokens are valid: true, expires at: 1764778301701
[debug] [2025-12-03T15:11:50.941Z] Checked if tokens are valid: true, expires at: 1764778301701
[debug] [2025-12-03T15:11:50.941Z] >>> [apiv2][query] POST https://storage.googleapis.com/storage/v1/b project=model-village-reactapp&predefinedAcl=projectPrivate&predefinedDefaultObjectAcl=projectPrivate
[debug] [2025-12-03T15:11:50.941Z] >>> [apiv2][body] POST https://storage.googleapis.com/storage/v1/b {"name":"firebaseapphosting-sources-519335912230-asia-southeast1","location":"asia-southeast1","lifecycle":{"rule":[{"action":{"type":"Delete"},"condition":{"age":30}}]},"labels":{"apphosting-source-asia-southeast1":"true"}}
[debug] [2025-12-03T15:11:53.140Z] <<< [apiv2][status] POST https://storage.googleapis.com/storage/v1/b 200
[debug] [2025-12-03T15:11:53.141Z] <<< [apiv2][body] POST https://storage.googleapis.com/storage/v1/b {"kind":"storage#bucket","selfLink":"https://www.googleapis.com/storage/v1/b/firebaseapphosting-sources-519335912230-asia-southeast1","id":"firebaseapphosting-sources-519335912230-asia-southeast1","name":"firebaseapphosting-sources-519335912230-asia-southeast1","projectNumber":"519335912230","generation":"1764774711799847480","metageneration":"1","location":"ASIA-SOUTHEAST1","storageClass":"STANDARD","etag":"CAE=","timeCreated":"2025-12-03T15:11:52.551Z","updated":"2025-12-03T15:11:52.551Z","acl":[{"kind":"storage#bucketAccessControl","id":"firebaseapphosting-sources-519335912230-asia-southeast1/project-owners-519335912230","selfLink":"https://www.googleapis.com/storage/v1/b/firebaseapphosting-sources-519335912230-asia-southeast1/acl/project-owners-519335912230","bucket":"firebaseapphosting-sources-519335912230-asia-southeast1","entity":"project-owners-519335912230","role":"OWNER","etag":"CAE=","projectTeam":{"projectNumber":"519335912230","team":"owners"}},{"kind":"storage#bucketAccessControl","id":"firebaseapphosting-sources-519335912230-asia-southeast1/project-editors-519335912230","selfLink":"https://www.googleapis.com/storage/v1/b/firebaseapphosting-sources-519335912230-asia-southeast1/acl/project-editors-519335912230","bucket":"firebaseapphosting-sources-519335912230-asia-southeast1","entity":"project-editors-519335912230","role":"OWNER","etag":"CAE=","projectTeam":{"projectNumber":"519335912230","team":"editors"}},{"kind":"storage#bucketAccessControl","id":"firebaseapphosting-sources-519335912230-asia-southeast1/project-viewers-519335912230","selfLink":"https://www.googleapis.com/storage/v1/b/firebaseapphosting-sources-519335912230-asia-southeast1/acl/project-viewers-519335912230","bucket":"firebaseapphosting-sources-519335912230-asia-southeast1","entity":"project-viewers-519335912230","role":"READER","etag":"CAE=","projectTeam":{"projectNumber":"519335912230","team":"viewers"}}],"defaultObjectAcl":[{"kind":"storage#objectAccessControl","entity":"project-owners-519335912230","role":"OWNER","etag":"CAE=","projectTeam":{"projectNumber":"519335912230","team":"owners"}},{"kind":"storage#objectAccessControl","entity":"project-editors-519335912230","role":"OWNER","etag":"CAE=","projectTeam":{"projectNumber":"519335912230","team":"editors"}},{"kind":"storage#objectAccessControl","entity":"project-viewers-519335912230","role":"READER","etag":"CAE=","projectTeam":{"projectNumber":"519335912230","team":"viewers"}}],"owner":{"entity":"project-owners-519335912230"},"lifecycle":{"rule":[{"action":{"type":"Delete"},"condition":{"age":30}}]},"labels":{"apphosting-source-asia-southeast1":"true"},"softDeletePolicy":{"retentionDurationSeconds":"604800","effectiveTime":"2025-12-03T15:11:52.551Z"},"iamConfiguration":{"bucketPolicyOnly":{"enabled":false},"uniformBucketLevelAccess":{"enabled":false},"publicAccessPrevention":"inherited"},"locationType":"region","satisfiesPZS":true,"satisfiesPZI":true}
[info] i  apphosting: Zipped source for backend model-village-backend 
[info] i  apphosting: Uploading source for backend model-village-backend... 
[debug] [2025-12-03T15:11:53.383Z] Checked if tokens are valid: true, expires at: 1764778301701
[debug] [2025-12-03T15:11:53.383Z] Checked if tokens are valid: true, expires at: 1764778301701
[debug] [2025-12-03T15:11:53.383Z] >>> [apiv2][query] PUT https://storage.googleapis.com/firebaseapphosting-sources-519335912230-asia-southeast1/model-village-backend--27424-k8GdwF1JeY9F-.zip [none]
[debug] [2025-12-03T15:11:53.383Z] >>> [apiv2][body] PUT https://storage.googleapis.com/firebaseapphosting-sources-519335912230-asia-southeast1/model-village-backend--27424-k8GdwF1JeY9F-.zip [stream]
[debug] [2025-12-03T15:11:57.304Z] <<< [apiv2][status] PUT https://storage.googleapis.com/firebaseapphosting-sources-519335912230-asia-southeast1/model-village-backend--27424-k8GdwF1JeY9F-.zip 200
[debug] [2025-12-03T15:11:57.305Z] <<< [apiv2][body] PUT https://storage.googleapis.com/firebaseapphosting-sources-519335912230-asia-southeast1/model-village-backend--27424-k8GdwF1JeY9F-.zip undefined
[info] i  apphosting: Uploaded at gs://firebaseapphosting-sources-519335912230-asia-southeast1/model-village-backend--27424-k8GdwF1JeY9F-.zip 
[debug] [2025-12-03T15:11:57.307Z] Checked if tokens are valid: true, expires at: 1764778301701
[debug] [2025-12-03T15:11:57.308Z] Checked if tokens are valid: true, expires at: 1764778301701
[debug] [2025-12-03T15:11:57.308Z] Checked if tokens are valid: true, expires at: 1764778301701
[debug] [2025-12-03T15:11:57.308Z] Checked if tokens are valid: true, expires at: 1764778301701
[info] i  apphosting: You may also track the rollout(s) at:
	https://console.firebase.google.com/project/model-village-reactapp/apphosting 
[debug] [2025-12-03T15:11:57.311Z] >>> [apiv2][query] GET https://firebaseapphosting.googleapis.com/v1beta/projects/model-village-reactapp/locations/asia-southeast1/backends/model-village-backend/rollouts 
[debug] [2025-12-03T15:11:57.313Z] >>> [apiv2][query] GET https://firebaseapphosting.googleapis.com/v1beta/projects/model-village-reactapp/locations/asia-southeast1/backends/model-village-backend/builds 
[debug] [2025-12-03T15:11:57.651Z] <<< [apiv2][status] GET https://firebaseapphosting.googleapis.com/v1beta/projects/model-village-reactapp/locations/asia-southeast1/backends/model-village-backend/builds 200
[debug] [2025-12-03T15:11:57.651Z] <<< [apiv2][body] GET https://firebaseapphosting.googleapis.com/v1beta/projects/model-village-reactapp/locations/asia-southeast1/backends/model-village-backend/builds {}
[debug] [2025-12-03T15:11:57.654Z] <<< [apiv2][status] GET https://firebaseapphosting.googleapis.com/v1beta/projects/model-village-reactapp/locations/asia-southeast1/backends/model-village-backend/rollouts 200
[debug] [2025-12-03T15:11:57.654Z] <<< [apiv2][body] GET https://firebaseapphosting.googleapis.com/v1beta/projects/model-village-reactapp/locations/asia-southeast1/backends/model-village-backend/rollouts {}
[debug] [2025-12-03T15:11:57.654Z] Checked if tokens are valid: true, expires at: 1764778301701
[debug] [2025-12-03T15:11:57.654Z] Checked if tokens are valid: true, expires at: 1764778301701
[debug] [2025-12-03T15:11:57.654Z] >>> [apiv2][query] POST https://firebaseapphosting.googleapis.com/v1beta/projects/model-village-reactapp/locations/asia-southeast1/backends/model-village-backend/builds buildId=build-2025-12-03-001
[debug] [2025-12-03T15:11:57.654Z] >>> [apiv2][body] POST https://firebaseapphosting.googleapis.com/v1beta/projects/model-village-reactapp/locations/asia-southeast1/backends/model-village-backend/builds {"source":{"archive":{"userStorageUri":"gs://firebaseapphosting-sources-519335912230-asia-southeast1/model-village-backend--27424-k8GdwF1JeY9F-.zip","rootDirectory":"/"}},"labels":{"deployment-tool":"cli-firebase"}}
[debug] [2025-12-03T15:11:57.977Z] <<< [apiv2][status] POST https://firebaseapphosting.googleapis.com/v1beta/projects/model-village-reactapp/locations/asia-southeast1/backends/model-village-backend/builds 200
[debug] [2025-12-03T15:11:57.977Z] <<< [apiv2][body] POST https://firebaseapphosting.googleapis.com/v1beta/projects/model-village-reactapp/locations/asia-southeast1/backends/model-village-backend/builds {"name":"projects/model-village-reactapp/locations/asia-southeast1/operations/operation-1764774717360-6450da22309bd-81c17051-79ee3651","metadata":{"@type":"type.googleapis.com/google.firebase.apphosting.v1beta.OperationMetadata","createTime":"2025-12-03T15:11:57.396043433Z","target":"projects/model-village-reactapp/locations/asia-southeast1/backends/model-village-backend/builds/build-2025-12-03-001","verb":"create","requestedCancellation":false,"apiVersion":"v1beta"},"done":false}
[debug] [2025-12-03T15:11:57.978Z] Checked if tokens are valid: true, expires at: 1764778301701
[debug] [2025-12-03T15:11:57.978Z] Checked if tokens are valid: true, expires at: 1764778301701
[debug] [2025-12-03T15:11:57.978Z] >>> [apiv2][query] POST https://firebaseapphosting.googleapis.com/v1beta/projects/model-village-reactapp/locations/asia-southeast1/backends/model-village-backend/rollouts rolloutId=build-2025-12-03-001&validateOnly=true
[debug] [2025-12-03T15:11:57.978Z] >>> [apiv2][body] POST https://firebaseapphosting.googleapis.com/v1beta/projects/model-village-reactapp/locations/asia-southeast1/backends/model-village-backend/rollouts {"build":"projects/model-village-reactapp/locations/asia-southeast1/backends/model-village-backend/builds/build-2025-12-03-001","labels":{"deployment-tool":"cli-firebase"}}
[debug] [2025-12-03T15:11:58.159Z] <<< [apiv2][status] POST https://firebaseapphosting.googleapis.com/v1beta/projects/model-village-reactapp/locations/asia-southeast1/backends/model-village-backend/rollouts 200
[debug] [2025-12-03T15:11:58.160Z] <<< [apiv2][body] POST https://firebaseapphosting.googleapis.com/v1beta/projects/model-village-reactapp/locations/asia-southeast1/backends/model-village-backend/rollouts {"name":"","metadata":{},"done":true}
[debug] [2025-12-03T15:11:58.160Z] Checked if tokens are valid: true, expires at: 1764778301701
[debug] [2025-12-03T15:11:58.160Z] Checked if tokens are valid: true, expires at: 1764778301701
[debug] [2025-12-03T15:11:58.160Z] >>> [apiv2][query] POST https://firebaseapphosting.googleapis.com/v1beta/projects/model-village-reactapp/locations/asia-southeast1/backends/model-village-backend/rollouts rolloutId=build-2025-12-03-001&validateOnly=false
[debug] [2025-12-03T15:11:58.160Z] >>> [apiv2][body] POST https://firebaseapphosting.googleapis.com/v1beta/projects/model-village-reactapp/locations/asia-southeast1/backends/model-village-backend/rollouts {"build":"projects/model-village-reactapp/locations/asia-southeast1/backends/model-village-backend/builds/build-2025-12-03-001","labels":{"deployment-tool":"cli-firebase"}}
[debug] [2025-12-03T15:11:58.387Z] <<< [apiv2][status] POST https://firebaseapphosting.googleapis.com/v1beta/projects/model-village-reactapp/locations/asia-southeast1/backends/model-village-backend/rollouts 200
[debug] [2025-12-03T15:11:58.387Z] <<< [apiv2][body] POST https://firebaseapphosting.googleapis.com/v1beta/projects/model-village-reactapp/locations/asia-southeast1/backends/model-village-backend/rollouts {"name":"projects/model-village-reactapp/locations/asia-southeast1/operations/operation-1764774717897-6450da22b3cad-89a66b43-a4dc7853","metadata":{"@type":"type.googleapis.com/google.firebase.apphosting.v1beta.OperationMetadata","createTime":"2025-12-03T15:11:57.911104129Z","target":"projects/model-village-reactapp/locations/asia-southeast1/backends/model-village-backend/rollouts/build-2025-12-03-001","verb":"create","requestedCancellation":false,"apiVersion":"v1beta"},"done":false}
[debug] [2025-12-03T15:11:58.388Z] Checked if tokens are valid: true, expires at: 1764778301701
[debug] [2025-12-03T15:11:58.388Z] Checked if tokens are valid: true, expires at: 1764778301701
[debug] [2025-12-03T15:11:58.388Z] Checked if tokens are valid: true, expires at: 1764778301701
[debug] [2025-12-03T15:11:58.388Z] Checked if tokens are valid: true, expires at: 1764778301701
[debug] [2025-12-03T15:11:58.388Z] >>> [apiv2][query] GET https://firebaseapphosting.googleapis.com/v1beta/projects/model-village-reactapp/locations/asia-southeast1/operations/operation-1764774717897-6450da22b3cad-89a66b43-a4dc7853 [none]
[debug] [2025-12-03T15:11:58.389Z] >>> [apiv2][query] GET https://firebaseapphosting.googleapis.com/v1beta/projects/model-village-reactapp/locations/asia-southeast1/operations/operation-1764774717360-6450da22309bd-81c17051-79ee3651 [none]
[debug] [2025-12-03T15:11:58.548Z] <<< [apiv2][status] GET https://firebaseapphosting.googleapis.com/v1beta/projects/model-village-reactapp/locations/asia-southeast1/operations/operation-1764774717360-6450da22309bd-81c17051-79ee3651 200
[debug] [2025-12-03T15:11:58.548Z] <<< [apiv2][body] GET https://firebaseapphosting.googleapis.com/v1beta/projects/model-village-reactapp/locations/asia-southeast1/operations/operation-1764774717360-6450da22309bd-81c17051-79ee3651 {"name":"projects/model-village-reactapp/locations/asia-southeast1/operations/operation-1764774717360-6450da22309bd-81c17051-79ee3651","metadata":{"@type":"type.googleapis.com/google.firebase.apphosting.v1beta.OperationMetadata","createTime":"2025-12-03T15:11:57.396043433Z","target":"projects/model-village-reactapp/locations/asia-southeast1/backends/model-village-backend/builds/build-2025-12-03-001","verb":"create","requestedCancellation":false,"apiVersion":"v1beta"},"done":false}
[debug] [2025-12-03T15:11:58.780Z] <<< [apiv2][status] GET https://firebaseapphosting.googleapis.com/v1beta/projects/model-village-reactapp/locations/asia-southeast1/operations/operation-1764774717897-6450da22b3cad-89a66b43-a4dc7853 200
[debug] [2025-12-03T15:11:58.781Z] <<< [apiv2][body] GET https://firebaseapphosting.googleapis.com/v1beta/projects/model-village-reactapp/locations/asia-southeast1/operations/operation-1764774717897-6450da22b3cad-89a66b43-a4dc7853 {"name":"projects/model-village-reactapp/locations/asia-southeast1/operations/operation-1764774717897-6450da22b3cad-89a66b43-a4dc7853","metadata":{"@type":"type.googleapis.com/google.firebase.apphosting.v1beta.OperationMetadata","createTime":"2025-12-03T15:11:57.911104129Z","endTime":"2025-12-03T15:11:57.943009409Z","target":"projects/model-village-reactapp/locations/asia-southeast1/backends/model-village-backend/rollouts/build-2025-12-03-001","verb":"create","requestedCancellation":false,"apiVersion":"v1beta"},"done":true,"response":{"@type":"type.googleapis.com/google.firebase.apphosting.v1beta.Rollout","name":"projects/model-village-reactapp/locations/asia-southeast1/backends/model-village-backend/rollouts/build-2025-12-03-001","createTime":"2025-12-03T15:11:57.903929979Z","updateTime":"2025-12-03T15:11:57.940125Z","state":"QUEUED","build":"projects/model-village-reactapp/locations/asia-southeast1/backends/model-village-backend/builds/build-2025-12-03-001","labels":{"deployment-tool":"cli-firebase"},"uid":"d1d4f226-ca43-4e6d-bf80-940b4769fd80","etag":"vgZccs3P0MAVWGTMgXtgzQFp6TtIVi4_5G5FbSEwyug","reconciling":false}}
[debug] [2025-12-03T15:11:59.054Z] [create-model-village-reactapp-asia-southeast1-backend-model-village-backend-build-build-2025-12-03-001] Retrying task index 0
[debug] [2025-12-03T15:11:59.055Z] Checked if tokens are valid: true, expires at: 1764778301701
[debug] [2025-12-03T15:11:59.055Z] Checked if tokens are valid: true, expires at: 1764778301701
[debug] [2025-12-03T15:11:59.055Z] >>> [apiv2][query] GET https://firebaseapphosting.googleapis.com/v1beta/projects/model-village-reactapp/locations/asia-southeast1/operations/operation-1764774717360-6450da22309bd-81c17051-79ee3651 [none]
[debug] [2025-12-03T15:11:59.228Z] <<< [apiv2][status] GET https://firebaseapphosting.googleapis.com/v1beta/projects/model-village-reactapp/locations/asia-southeast1/operations/operation-1764774717360-6450da22309bd-81c17051-79ee3651 200
[debug] [2025-12-03T15:11:59.228Z] <<< [apiv2][body] GET https://firebaseapphosting.googleapis.com/v1beta/projects/model-village-reactapp/locations/asia-southeast1/operations/operation-1764774717360-6450da22309bd-81c17051-79ee3651 {"name":"projects/model-village-reactapp/locations/asia-southeast1/operations/operation-1764774717360-6450da22309bd-81c17051-79ee3651","metadata":{"@type":"type.googleapis.com/google.firebase.apphosting.v1beta.OperationMetadata","createTime":"2025-12-03T15:11:57.396043433Z","target":"projects/model-village-reactapp/locations/asia-southeast1/backends/model-village-backend/builds/build-2025-12-03-001","verb":"create","requestedCancellation":false,"apiVersion":"v1beta"},"done":false}
[debug] [2025-12-03T15:12:00.231Z] [create-model-village-reactapp-asia-southeast1-backend-model-village-backend-build-build-2025-12-03-001] Retrying task index 0
[debug] [2025-12-03T15:12:00.231Z] Checked if tokens are valid: true, expires at: 1764778301701
[debug] [2025-12-03T15:12:00.231Z] Checked if tokens are valid: true, expires at: 1764778301701
[debug] [2025-12-03T15:12:00.231Z] >>> [apiv2][query] GET https://firebaseapphosting.googleapis.com/v1beta/projects/model-village-reactapp/locations/asia-southeast1/operations/operation-1764774717360-6450da22309bd-81c17051-79ee3651 [none]
[debug] [2025-12-03T15:12:00.406Z] <<< [apiv2][status] GET https://firebaseapphosting.googleapis.com/v1beta/projects/model-village-reactapp/locations/asia-southeast1/operations/operation-1764774717360-6450da22309bd-81c17051-79ee3651 200
[debug] [2025-12-03T15:12:00.406Z] <<< [apiv2][body] GET https://firebaseapphosting.googleapis.com/v1beta/projects/model-village-reactapp/locations/asia-southeast1/operations/operation-1764774717360-6450da22309bd-81c17051-79ee3651 {"name":"projects/model-village-reactapp/locations/asia-southeast1/operations/operation-1764774717360-6450da22309bd-81c17051-79ee3651","metadata":{"@type":"type.googleapis.com/google.firebase.apphosting.v1beta.OperationMetadata","createTime":"2025-12-03T15:11:57.396043433Z","target":"projects/model-village-reactapp/locations/asia-southeast1/backends/model-village-backend/builds/build-2025-12-03-001","verb":"create","requestedCancellation":false,"apiVersion":"v1beta"},"done":false}
[debug] [2025-12-03T15:12:02.410Z] [create-model-village-reactapp-asia-southeast1-backend-model-village-backend-build-build-2025-12-03-001] Retrying task index 0
[debug] [2025-12-03T15:12:02.410Z] Checked if tokens are valid: true, expires at: 1764778301701
[debug] [2025-12-03T15:12:02.410Z] Checked if tokens are valid: true, expires at: 1764778301701
[debug] [2025-12-03T15:12:02.410Z] >>> [apiv2][query] GET https://firebaseapphosting.googleapis.com/v1beta/projects/model-village-reactapp/locations/asia-southeast1/operations/operation-1764774717360-6450da22309bd-81c17051-79ee3651 [none]
[debug] [2025-12-03T15:12:02.565Z] <<< [apiv2][status] GET https://firebaseapphosting.googleapis.com/v1beta/projects/model-village-reactapp/locations/asia-southeast1/operations/operation-1764774717360-6450da22309bd-81c17051-79ee3651 200
[debug] [2025-12-03T15:12:02.565Z] <<< [apiv2][body] GET https://firebaseapphosting.googleapis.com/v1beta/projects/model-village-reactapp/locations/asia-southeast1/operations/operation-1764774717360-6450da22309bd-81c17051-79ee3651 {"name":"projects/model-village-reactapp/locations/asia-southeast1/operations/operation-1764774717360-6450da22309bd-81c17051-79ee3651","metadata":{"@type":"type.googleapis.com/google.firebase.apphosting.v1beta.OperationMetadata","createTime":"2025-12-03T15:11:57.396043433Z","target":"projects/model-village-reactapp/locations/asia-southeast1/backends/model-village-backend/builds/build-2025-12-03-001","verb":"create","requestedCancellation":false,"apiVersion":"v1beta"},"done":false}
[debug] [2025-12-03T15:12:06.589Z] [create-model-village-reactapp-asia-southeast1-backend-model-village-backend-build-build-2025-12-03-001] Retrying task index 0
[debug] [2025-12-03T15:12:06.590Z] Checked if tokens are valid: true, expires at: 1764778301701
[debug] [2025-12-03T15:12:06.590Z] Checked if tokens are valid: true, expires at: 1764778301701
[debug] [2025-12-03T15:12:06.590Z] >>> [apiv2][query] GET https://firebaseapphosting.googleapis.com/v1beta/projects/model-village-reactapp/locations/asia-southeast1/operations/operation-1764774717360-6450da22309bd-81c17051-79ee3651 [none]
[debug] [2025-12-03T15:12:06.756Z] <<< [apiv2][status] GET https://firebaseapphosting.googleapis.com/v1beta/projects/model-village-reactapp/locations/asia-southeast1/operations/operation-1764774717360-6450da22309bd-81c17051-79ee3651 200
[debug] [2025-12-03T15:12:06.756Z] <<< [apiv2][body] GET https://firebaseapphosting.googleapis.com/v1beta/projects/model-village-reactapp/locations/asia-southeast1/operations/operation-1764774717360-6450da22309bd-81c17051-79ee3651 {"name":"projects/model-village-reactapp/locations/asia-southeast1/operations/operation-1764774717360-6450da22309bd-81c17051-79ee3651","metadata":{"@type":"type.googleapis.com/google.firebase.apphosting.v1beta.OperationMetadata","createTime":"2025-12-03T15:11:57.396043433Z","target":"projects/model-village-reactapp/locations/asia-southeast1/backends/model-village-backend/builds/build-2025-12-03-001","verb":"create","requestedCancellation":false,"apiVersion":"v1beta"},"done":false}
[debug] [2025-12-03T15:12:14.761Z] [create-model-village-reactapp-asia-southeast1-backend-model-village-backend-build-build-2025-12-03-001] Retrying task index 0
[debug] [2025-12-03T15:12:14.762Z] Checked if tokens are valid: true, expires at: 1764778301701
[debug] [2025-12-03T15:12:14.762Z] Checked if tokens are valid: true, expires at: 1764778301701
[debug] [2025-12-03T15:12:14.762Z] >>> [apiv2][query] GET https://firebaseapphosting.googleapis.com/v1beta/projects/model-village-reactapp/locations/asia-southeast1/operations/operation-1764774717360-6450da22309bd-81c17051-79ee3651 [none]
[debug] [2025-12-03T15:12:15.036Z] <<< [apiv2][status] GET https://firebaseapphosting.googleapis.com/v1beta/projects/model-village-reactapp/locations/asia-southeast1/operations/operation-1764774717360-6450da22309bd-81c17051-79ee3651 200
[debug] [2025-12-03T15:12:15.037Z] <<< [apiv2][body] GET https://firebaseapphosting.googleapis.com/v1beta/projects/model-village-reactapp/locations/asia-southeast1/operations/operation-1764774717360-6450da22309bd-81c17051-79ee3651 {"name":"projects/model-village-reactapp/locations/asia-southeast1/operations/operation-1764774717360-6450da22309bd-81c17051-79ee3651","metadata":{"@type":"type.googleapis.com/google.firebase.apphosting.v1beta.OperationMetadata","createTime":"2025-12-03T15:11:57.396043433Z","target":"projects/model-village-reactapp/locations/asia-southeast1/backends/model-village-backend/builds/build-2025-12-03-001","verb":"create","requestedCancellation":false,"apiVersion":"v1beta"},"done":false}
[debug] [2025-12-03T15:12:25.039Z] [create-model-village-reactapp-asia-southeast1-backend-model-village-backend-build-build-2025-12-03-001] Retrying task index 0
[debug] [2025-12-03T15:12:25.039Z] Checked if tokens are valid: true, expires at: 1764778301701
[debug] [2025-12-03T15:12:25.039Z] Checked if tokens are valid: true, expires at: 1764778301701
[debug] [2025-12-03T15:12:25.039Z] >>> [apiv2][query] GET https://firebaseapphosting.googleapis.com/v1beta/projects/model-village-reactapp/locations/asia-southeast1/operations/operation-1764774717360-6450da22309bd-81c17051-79ee3651 [none]
[debug] [2025-12-03T15:12:25.339Z] <<< [apiv2][status] GET https://firebaseapphosting.googleapis.com/v1beta/projects/model-village-reactapp/locations/asia-southeast1/operations/operation-1764774717360-6450da22309bd-81c17051-79ee3651 200
[debug] [2025-12-03T15:12:25.339Z] <<< [apiv2][body] GET https://firebaseapphosting.googleapis.com/v1beta/projects/model-village-reactapp/locations/asia-southeast1/operations/operation-1764774717360-6450da22309bd-81c17051-79ee3651 {"name":"projects/model-village-reactapp/locations/asia-southeast1/operations/operation-1764774717360-6450da22309bd-81c17051-79ee3651","metadata":{"@type":"type.googleapis.com/google.firebase.apphosting.v1beta.OperationMetadata","createTime":"2025-12-03T15:11:57.396043433Z","target":"projects/model-village-reactapp/locations/asia-southeast1/backends/model-village-backend/builds/build-2025-12-03-001","verb":"create","requestedCancellation":false,"apiVersion":"v1beta"},"done":false}
[debug] [2025-12-03T15:12:35.340Z] [create-model-village-reactapp-asia-southeast1-backend-model-village-backend-build-build-2025-12-03-001] Retrying task index 0
[debug] [2025-12-03T15:12:35.341Z] Checked if tokens are valid: true, expires at: 1764778301701
[debug] [2025-12-03T15:12:35.341Z] Checked if tokens are valid: true, expires at: 1764778301701
[debug] [2025-12-03T15:12:35.341Z] >>> [apiv2][query] GET https://firebaseapphosting.googleapis.com/v1beta/projects/model-village-reactapp/locations/asia-southeast1/operations/operation-1764774717360-6450da22309bd-81c17051-79ee3651 [none]
[debug] [2025-12-03T15:12:35.738Z] <<< [apiv2][status] GET https://firebaseapphosting.googleapis.com/v1beta/projects/model-village-reactapp/locations/asia-southeast1/operations/operation-1764774717360-6450da22309bd-81c17051-79ee3651 200
[debug] [2025-12-03T15:12:35.738Z] <<< [apiv2][body] GET https://firebaseapphosting.googleapis.com/v1beta/projects/model-village-reactapp/locations/asia-southeast1/operations/operation-1764774717360-6450da22309bd-81c17051-79ee3651 {"name":"projects/model-village-reactapp/locations/asia-southeast1/operations/operation-1764774717360-6450da22309bd-81c17051-79ee3651","metadata":{"@type":"type.googleapis.com/google.firebase.apphosting.v1beta.OperationMetadata","createTime":"2025-12-03T15:11:57.396043433Z","target":"projects/model-village-reactapp/locations/asia-southeast1/backends/model-village-backend/builds/build-2025-12-03-001","verb":"create","requestedCancellation":false,"apiVersion":"v1beta"},"done":false}
[debug] [2025-12-03T15:12:45.744Z] [create-model-village-reactapp-asia-southeast1-backend-model-village-backend-build-build-2025-12-03-001] Retrying task index 0
[debug] [2025-12-03T15:12:45.744Z] Checked if tokens are valid: true, expires at: 1764778301701
[debug] [2025-12-03T15:12:45.744Z] Checked if tokens are valid: true, expires at: 1764778301701
[debug] [2025-12-03T15:12:45.745Z] >>> [apiv2][query] GET https://firebaseapphosting.googleapis.com/v1beta/projects/model-village-reactapp/locations/asia-southeast1/operations/operation-1764774717360-6450da22309bd-81c17051-79ee3651 [none]
[debug] [2025-12-03T15:12:46.026Z] <<< [apiv2][status] GET https://firebaseapphosting.googleapis.com/v1beta/projects/model-village-reactapp/locations/asia-southeast1/operations/operation-1764774717360-6450da22309bd-81c17051-79ee3651 200
[debug] [2025-12-03T15:12:46.026Z] <<< [apiv2][body] GET https://firebaseapphosting.googleapis.com/v1beta/projects/model-village-reactapp/locations/asia-southeast1/operations/operation-1764774717360-6450da22309bd-81c17051-79ee3651 {"name":"projects/model-village-reactapp/locations/asia-southeast1/operations/operation-1764774717360-6450da22309bd-81c17051-79ee3651","metadata":{"@type":"type.googleapis.com/google.firebase.apphosting.v1beta.OperationMetadata","createTime":"2025-12-03T15:11:57.396043433Z","target":"projects/model-village-reactapp/locations/asia-southeast1/backends/model-village-backend/builds/build-2025-12-03-001","verb":"create","requestedCancellation":false,"apiVersion":"v1beta"},"done":false}
[debug] [2025-12-03T15:12:56.026Z] [create-model-village-reactapp-asia-southeast1-backend-model-village-backend-build-build-2025-12-03-001] Retrying task index 0
[debug] [2025-12-03T15:12:56.027Z] Checked if tokens are valid: true, expires at: 1764778301701
[debug] [2025-12-03T15:12:56.027Z] Checked if tokens are valid: true, expires at: 1764778301701
[debug] [2025-12-03T15:12:56.027Z] >>> [apiv2][query] GET https://firebaseapphosting.googleapis.com/v1beta/projects/model-village-reactapp/locations/asia-southeast1/operations/operation-1764774717360-6450da22309bd-81c17051-79ee3651 [none]
[debug] [2025-12-03T15:12:56.323Z] <<< [apiv2][status] GET https://firebaseapphosting.googleapis.com/v1beta/projects/model-village-reactapp/locations/asia-southeast1/operations/operation-1764774717360-6450da22309bd-81c17051-79ee3651 200
[debug] [2025-12-03T15:12:56.323Z] <<< [apiv2][body] GET https://firebaseapphosting.googleapis.com/v1beta/projects/model-village-reactapp/locations/asia-southeast1/operations/operation-1764774717360-6450da22309bd-81c17051-79ee3651 {"name":"projects/model-village-reactapp/locations/asia-southeast1/operations/operation-1764774717360-6450da22309bd-81c17051-79ee3651","metadata":{"@type":"type.googleapis.com/google.firebase.apphosting.v1beta.OperationMetadata","createTime":"2025-12-03T15:11:57.396043433Z","target":"projects/model-village-reactapp/locations/asia-southeast1/backends/model-village-backend/builds/build-2025-12-03-001","verb":"create","requestedCancellation":false,"apiVersion":"v1beta"},"done":false}
[debug] [2025-12-03T15:13:06.324Z] [create-model-village-reactapp-asia-southeast1-backend-model-village-backend-build-build-2025-12-03-001] Retrying task index 0
[debug] [2025-12-03T15:13:06.325Z] Checked if tokens are valid: true, expires at: 1764778301701
[debug] [2025-12-03T15:13:06.325Z] Checked if tokens are valid: true, expires at: 1764778301701
[debug] [2025-12-03T15:13:06.325Z] >>> [apiv2][query] GET https://firebaseapphosting.googleapis.com/v1beta/projects/model-village-reactapp/locations/asia-southeast1/operations/operation-1764774717360-6450da22309bd-81c17051-79ee3651 [none]
[debug] [2025-12-03T15:13:06.615Z] <<< [apiv2][status] GET https://firebaseapphosting.googleapis.com/v1beta/projects/model-village-reactapp/locations/asia-southeast1/operations/operation-1764774717360-6450da22309bd-81c17051-79ee3651 200
[debug] [2025-12-03T15:13:06.615Z] <<< [apiv2][body] GET https://firebaseapphosting.googleapis.com/v1beta/projects/model-village-reactapp/locations/asia-southeast1/operations/operation-1764774717360-6450da22309bd-81c17051-79ee3651 {"name":"projects/model-village-reactapp/locations/asia-southeast1/operations/operation-1764774717360-6450da22309bd-81c17051-79ee3651","metadata":{"@type":"type.googleapis.com/google.firebase.apphosting.v1beta.OperationMetadata","createTime":"2025-12-03T15:11:57.396043433Z","target":"projects/model-village-reactapp/locations/asia-southeast1/backends/model-village-backend/builds/build-2025-12-03-001","verb":"create","requestedCancellation":false,"apiVersion":"v1beta"},"done":false}
[debug] [2025-12-03T15:13:16.617Z] [create-model-village-reactapp-asia-southeast1-backend-model-village-backend-build-build-2025-12-03-001] Retrying task index 0
[debug] [2025-12-03T15:13:16.617Z] Checked if tokens are valid: true, expires at: 1764778301701
[debug] [2025-12-03T15:13:16.617Z] Checked if tokens are valid: true, expires at: 1764778301701
[debug] [2025-12-03T15:13:16.617Z] >>> [apiv2][query] GET https://firebaseapphosting.googleapis.com/v1beta/projects/model-village-reactapp/locations/asia-southeast1/operations/operation-1764774717360-6450da22309bd-81c17051-79ee3651 [none]
[debug] [2025-12-03T15:13:16.899Z] <<< [apiv2][status] GET https://firebaseapphosting.googleapis.com/v1beta/projects/model-village-reactapp/locations/asia-southeast1/operations/operation-1764774717360-6450da22309bd-81c17051-79ee3651 200
[debug] [2025-12-03T15:13:16.899Z] <<< [apiv2][body] GET https://firebaseapphosting.googleapis.com/v1beta/projects/model-village-reactapp/locations/asia-southeast1/operations/operation-1764774717360-6450da22309bd-81c17051-79ee3651 {"name":"projects/model-village-reactapp/locations/asia-southeast1/operations/operation-1764774717360-6450da22309bd-81c17051-79ee3651","metadata":{"@type":"type.googleapis.com/google.firebase.apphosting.v1beta.OperationMetadata","createTime":"2025-12-03T15:11:57.396043433Z","endTime":"2025-12-03T15:13:06.279867497Z","target":"projects/model-village-reactapp/locations/asia-southeast1/backends/model-village-backend/builds/build-2025-12-03-001","verb":"create","requestedCancellation":false,"apiVersion":"v1beta"},"done":true,"response":{"@type":"type.googleapis.com/google.firebase.apphosting.v1beta.Build","name":"projects/model-village-reactapp/locations/asia-southeast1/backends/model-village-backend/builds/build-2025-12-03-001","state":"FAILED","error":{"code":13,"message":"Missing dependency lock file at path '/workspace'. Please run your package manager's install command and redeploy.","details":[{"@type":"type.googleapis.com/google.rpc.ErrorInfo","reason":"fah/missing-lock-file","metadata":{"attribution":"SYSTEM","user_facing_reason":"Missing Lock File","user_facing_message":"Missing dependency lock file at path '/workspace'. Please run your package manager's install command and redeploy."}}]},"image":"asia-southeast1-docker.pkg.dev/model-village-reactapp/firebaseapphosting-images/model-village-backend:build-2025-12-03-001","config":{"runConfig":{}},"source":{"archive":{"rootDirectory":"/","userStorageUri":"gs://firebaseapphosting-sources-519335912230-asia-southeast1/model-village-backend--27424-k8GdwF1JeY9F-.zip"}},"buildLogsUri":"https://console.cloud.google.com/cloud-build/builds;region=asia-southeast1/efcf3c65-1770-4980-ae57-3c117c0206a3?project=519335912230","createTime":"2025-12-03T15:11:57.390192363Z","updateTime":"2025-12-03T15:12:47.997614Z","labels":{"deployment-tool":"cli-firebase"},"uid":"c2cd2b0b-5204-422e-8216-466426c2012e","etag":"gLadTo0DmsGVwJelqcjiJIYqYrbBEvoQWbim-r0o9xw","reconciling":false,"errorSource":"CLOUD_BUILD","errors":[{"error":{"code":13,"message":"Missing dependency lock file at path '/workspace'. Please run your package manager's install command and redeploy.","details":[{"@type":"type.googleapis.com/google.rpc.ErrorInfo","reason":"fah/missing-lock-file","metadata":{"attribution":"SYSTEM","user_facing_reason":"Missing Lock File","user_facing_message":"Missing dependency lock file at path '/workspace'. Please run your package manager's install command and redeploy."}}]},"errorSource":"CLOUD_BUILD","cloudResource":"https://cloud.google.com/build"}]}}
[warn] !  apphosting: Rollout for backend model-village-backend failed. 
[error] !!  apphosting: Failed to build your app. Please inspect the build logs at https://console.cloud.google.com/cloud-build/builds;region=asia-southeast1/efcf3c65-1770-4980-ae57-3c117c0206a3?project=519335912230. {"name":"FirebaseError","children":[{"code":13,"message":"Missing dependency lock file at path '/workspace'. Please run your package manager's install command and redeploy.","details":[{"@type":"type.googleapis.com/google.rpc.ErrorInfo","reason":"fah/missing-lock-file","metadata":{"attribution":"SYSTEM","user_facing_reason":"Missing Lock File","user_facing_message":"Missing dependency lock file at path '/workspace'. Please run your package manager's install command and redeploy."}}]}],"exit":1,"message":"Failed to build your app. Please inspect the build logs at https://console.cloud.google.com/cloud-build/builds;region=asia-southeast1/efcf3c65-1770-4980-ae57-3c117c0206a3?project=519335912230.","status":500} 
[info] 
[info] +  Deploy complete! 
[info] 
[info] Project Console: https://console.firebase.google.com/project/model-village-reactapp/overview
